<testsuite errors="1" failures="0" hostname="DESKTOP-MGEBGCD" name="6_RegistroExperiencia.Registro Satisfactorio Experiencia" skipped="0" tests="1" time="10.976771" timestamp="2019-01-02T16:39:28.137465"><testcase classname="6_RegistroExperiencia.Registro Satisfactorio Experiencia" name="Postulante registra su experiencia correctamente -- @1.1 Credenciales" status="failed" time="10.976771"><error message="Message: invalid element state&#10;  (Session info: chrome=71.0.3578.98)&#10;  (Driver info: chromedriver=2.41.578737 (49da6702b16031c40d63e5618de03a32ff6c197e),platform=Windows NT 10.0.17134 x86_64)&#10;" type="InvalidElementStateException">
<![CDATA[
Failing step: When postulante selecciona un mes inicio de experiencia Diciembre ... failed in 0.117s
Location: features/6_RegistroExperiencia.feature:13
Traceback (most recent call last):
  File "c:\users\dsapaicoa\appdata\local\programs\python\python37\lib\site-packages\behave\model.py", line 1329, in run
    match.run(runner.context)
  File "c:\users\dsapaicoa\appdata\local\programs\python\python37\lib\site-packages\behave\matchers.py", line 98, in run
    self.func(context, *args, **kwargs)
  File "features\steps\6_registro_experiencia_steps.py", line 44, in postulante_mes_inicio
    start_month_exp_field.send_keys(str(mes_inicio))
  File "c:\users\dsapaicoa\appdata\local\programs\python\python37\lib\site-packages\selenium\webdriver\remote\webelement.py", line 479, in send_keys
    'value': keys_to_typing(value)})
  File "c:\users\dsapaicoa\appdata\local\programs\python\python37\lib\site-packages\selenium\webdriver\remote\webelement.py", line 628, in _execute
    return self._parent.execute(command, params)
  File "c:\users\dsapaicoa\appdata\local\programs\python\python37\lib\site-packages\selenium\webdriver\remote\webdriver.py", line 320, in execute
    self.error_handler.check_response(response)
  File "c:\users\dsapaicoa\appdata\local\programs\python\python37\lib\site-packages\selenium\webdriver\remote\errorhandler.py", line 242, in check_response
    raise exception_class(message, screen, stacktrace)
selenium.common.exceptions.InvalidElementStateException: Message: invalid element state
  (Session info: chrome=71.0.3578.98)
  (Driver info: chromedriver=2.41.578737 (49da6702b16031c40d63e5618de03a32ff6c197e),platform=Windows NT 10.0.17134 x86_64)

]]>
</error><system-out>
<![CDATA[
@scenario.begin
  Scenario Outline: Postulante registra su experiencia correctamente -- @1.1 Credenciales
    Given postulante se encuentra en opcion experiencia ... passed in 5.057s
    When postulante hace click en boton Agregar Experiencia ... passed in 0.101s
    When postulante ingresa la empresa Ovicar s.a.c ... passed in 0.133s
    When postulante ingresa la industria Sistemas ... passed in 0.095s
    When postulante ingresa el puesto Analista de T.I ... passed in 5.201s
    When postulante selecciona el nivel de puesto Técnicos / Operativos ... passed in 0.102s
    When postulante selecciona el area Tecnología, Sistemas y Telecomunicaciones ... passed in 0.171s
    When postulante selecciona un mes inicio de experiencia Diciembre ... failed in 0.117s
    When postulante ingresa un año inicio de experiencia 2015 ... skipped in 0.000s
    When postulante selecciona un mes fin de experiencia Noviembre ... skipped in 0.000s
    When postulante ingresa un año fin de experiencia 2016 ... skipped in 0.000s
    When postulante ingresa una descripción Esta es la descripcion ... skipped in 0.000s
    When postulante hace click en boton Guardar Experiencia ... skipped in 0.000s
    Then postulante visualiza tooltip de confirmacion de Experiencia Guardada Se creó la experiencia del postulante correctamente ... skipped in 0.000s

@scenario.end
--------------------------------------------------------------------------------
]]>
</system-out></testcase></testsuite>